\BOOKMARK [1][-]{section.1}{\376\377\000I\000n\000t\000r\000o\000d\000u\000c\000t\000i\000o\000n}{}% 1
\BOOKMARK [1][-]{section.2}{\376\377\000m\000i\000g\000r\000\040\000/\000\040\000m\000i\000g\000r\000\137\000m\000p\000i}{}% 2
\BOOKMARK [2][-]{subsection.2.1}{\376\377\000G\000e\000n\000e\000r\000a\000l}{section.2}% 3
\BOOKMARK [2][-]{subsection.2.2}{\376\377\000P\000a\000r\000a\000m\000e\000t\000e\000r\000s}{section.2}% 4
\BOOKMARK [2][-]{subsection.2.3}{\376\377\000G\000e\000n\000e\000r\000a\000l\000\040\000p\000a\000r\000a\000m\000e\000t\000e\000r\000\040\000d\000e\000s\000c\000r\000i\000p\000t\000i\000o\000n}{section.2}% 5
\BOOKMARK [2][-]{subsection.2.4}{\376\377\000E\000x\000a\000m\000p\000l\000e\000s}{section.2}% 6
\BOOKMARK [2][-]{subsection.2.5}{\376\377\000T\000o\000\040\000d\000o}{section.2}% 7
\BOOKMARK [2][-]{subsection.2.6}{\376\377\000R\000e\000f\000e\000r\000e\000n\000c\000e\000s}{section.2}% 8
\BOOKMARK [1][-]{section.3}{\376\377\000e\000x\000t\000r\000a\000p}{}% 9
\BOOKMARK [2][-]{subsection.3.1}{\376\377\000G\000e\000n\000e\000r\000a\000l}{section.3}% 10
\BOOKMARK [2][-]{subsection.3.2}{\376\377\000P\000a\000r\000a\000m\000e\000t\000e\000r\000s}{section.3}% 11
\BOOKMARK [2][-]{subsection.3.3}{\376\377\000G\000e\000n\000e\000r\000a\000l\000\040\000p\000a\000r\000a\000m\000e\000t\000e\000r\000\040\000d\000e\000s\000c\000r\000i\000p\000t\000i\000o\000n}{section.3}% 12
\BOOKMARK [2][-]{subsection.3.4}{\376\377\000E\000x\000a\000m\000p\000l\000e\000s}{section.3}% 13
\BOOKMARK [2][-]{subsection.3.5}{\376\377\000T\000o\000\040\000d\000o}{section.3}% 14
\BOOKMARK [2][-]{subsection.3.6}{\376\377\000R\000e\000f\000e\000r\000e\000n\000c\000e\000s}{section.3}% 15
\BOOKMARK [1][-]{section.4}{\376\377\000c\000f\000p\000m\000o\000d}{}% 16
\BOOKMARK [2][-]{subsection.4.1}{\376\377\000G\000e\000n\000e\000r\000a\000l}{section.4}% 17
\BOOKMARK [2][-]{subsection.4.2}{\376\377\000P\000a\000r\000a\000m\000e\000t\000e\000r\000s}{section.4}% 18
\BOOKMARK [2][-]{subsection.4.3}{\376\377\000G\000e\000n\000e\000r\000a\000l\000\040\000p\000a\000r\000a\000m\000e\000t\000e\000r\000\040\000d\000e\000s\000c\000r\000i\000p\000t\000i\000o\000n}{section.4}% 19
\BOOKMARK [2][-]{subsection.4.4}{\376\377\000E\000x\000a\000m\000p\000l\000e\000s}{section.4}% 20
\BOOKMARK [2][-]{subsection.4.5}{\376\377\000T\000o\000\040\000d\000o}{section.4}% 21
\BOOKMARK [1][-]{section.5}{\376\377\000o\000n\000e\000w\000v\000s\000p}{}% 22
\BOOKMARK [2][-]{subsection.5.1}{\376\377\000G\000e\000n\000e\000r\000a\000l}{section.5}% 23
\BOOKMARK [2][-]{subsection.5.2}{\376\377\000P\000a\000r\000a\000m\000e\000t\000e\000r\000s}{section.5}% 24
\BOOKMARK [2][-]{subsection.5.3}{\376\377\000G\000e\000n\000e\000r\000a\000l\000\040\000p\000a\000r\000a\000m\000e\000t\000e\000r\000\040\000d\000e\000s\000c\000r\000i\000p\000t\000i\000o\000n}{section.5}% 25
\BOOKMARK [2][-]{subsection.5.4}{\376\377\000E\000x\000a\000m\000p\000l\000e\000s}{section.5}% 26
\BOOKMARK [2][-]{subsection.5.5}{\376\377\000T\000o\000\040\000d\000o}{section.5}% 27
\BOOKMARK [1][-]{section.6}{\376\377\000o\000p\000e\000r\000c\000a\000l\000c}{}% 28
\BOOKMARK [2][-]{subsection.6.1}{\376\377\000G\000e\000n\000e\000r\000a\000l}{section.6}% 29
\BOOKMARK [2][-]{subsection.6.2}{\376\377\000P\000a\000r\000a\000m\000e\000t\000e\000r\000s}{section.6}% 30
\BOOKMARK [2][-]{subsection.6.3}{\376\377\000F\000i\000l\000e\000\040\000f\000o\000r\000m\000a\000t\000s}{section.6}% 31
\BOOKMARK [2][-]{subsection.6.4}{\376\377\000G\000e\000n\000e\000r\000a\000l\000\040\000p\000a\000r\000a\000m\000e\000t\000e\000r\000\040\000d\000e\000s\000c\000r\000i\000p\000t\000i\000o\000n}{section.6}% 32
\BOOKMARK [2][-]{subsection.6.5}{\376\377\000E\000x\000a\000m\000p\000l\000e\000s}{section.6}% 33
\BOOKMARK [2][-]{subsection.6.6}{\376\377\000T\000o\000\040\000d\000o}{section.6}% 34
